[debug] [2022-04-24T12:27:04.871Z] ----------------------------------------------------------------------
[debug] [2022-04-24T12:27:04.873Z] Command:       C:\Program Files\nodejs\node.exe C:\Users\User\AppData\Roaming\npm\node_modules\firebase-tools\lib\bin\firebase.js init
[debug] [2022-04-24T12:27:04.874Z] CLI Version:   10.7.1
[debug] [2022-04-24T12:27:04.874Z] Platform:      win32
[debug] [2022-04-24T12:27:04.874Z] Node Version:  v16.13.0
[debug] [2022-04-24T12:27:04.875Z] Time:          Sun Apr 24 2022 20:27:04 GMT+0800 (Ulaanbaatar Standard Time)
[debug] [2022-04-24T12:27:04.875Z] ----------------------------------------------------------------------
[debug] 
[debug] [2022-04-24T12:27:04.885Z] > command requires scopes: ["email","openid","https://www.googleapis.com/auth/cloudplatformprojects.readonly","https://www.googleapis.com/auth/firebase","https://www.googleapis.com/auth/cloud-platform"]
[debug] [2022-04-24T12:27:04.885Z] > authorizing via signed-in user (dolgoon.da@gmail.com)
[info] 
     ######## #### ########  ######## ########     ###     ######  ########
     ##        ##  ##     ## ##       ##     ##  ##   ##  ##       ##
     ######    ##  ########  ######   ########  #########  ######  ######
     ##        ##  ##    ##  ##       ##     ## ##     ##       ## ##
     ##       #### ##     ## ######## ########  ##     ##  ######  ########

You're about to initialize a Firebase project in this directory:

  C:\Users\User\Desktop\vue-notus-main

[info] 
=== Project Setup
[info] 
[info] First, let's associate this project directory with a Firebase project.
[info] You can create multiple project aliases by running firebase use --add, 
[info] but for now we'll just set up a default project.
[info] 
[debug] [2022-04-24T12:27:20.968Z] > refreshing access token with scopes: []
[debug] [2022-04-24T12:27:20.969Z] >>> HTTP REQUEST POST https://www.googleapis.com/oauth2/v3/token  
 <request body omitted>
[debug] [2022-04-24T12:27:21.308Z] <<< HTTP RESPONSE 200 {"pragma":"no-cache","date":"Sun, 24 Apr 2022 12:27:20 GMT","expires":"Mon, 01 Jan 1990 00:00:00 GMT","cache-control":"no-cache, no-store, max-age=0, must-revalidate","content-type":"application/json; charset=utf-8","vary":"X-Origin, Referer, Origin,Accept-Encoding","server":"scaffolding on HTTPServer2","x-xss-protection":"0","x-frame-options":"SAMEORIGIN","x-content-type-options":"nosniff","alt-svc":"h3=\":443\"; ma=2592000,h3-29=\":443\"; ma=2592000,h3-Q050=\":443\"; ma=2592000,h3-Q046=\":443\"; ma=2592000,h3-Q043=\":443\"; ma=2592000,quic=\":443\"; ma=2592000; v=\"46,43\"","accept-ranges":"none","transfer-encoding":"chunked"}
[debug] [2022-04-24T12:27:21.320Z] >>> [apiv2][query] GET https://firebase.googleapis.com/v1beta1/projects pageSize=100
[debug] [2022-04-24T12:27:21.977Z] <<< [apiv2][status] GET https://firebase.googleapis.com/v1beta1/projects 200
[debug] [2022-04-24T12:27:21.978Z] <<< [apiv2][body] GET https://firebase.googleapis.com/v1beta1/projects [omitted]
[info] i  Using project hydro-50beb (hydro) 
[info] 
=== Database Setup
[info] i  database: ensuring required API firebasedatabase.googleapis.com is enabled... 
[debug] [2022-04-24T12:27:23.713Z] >>> [apiv2][query] GET https://serviceusage.googleapis.com/v1/projects/hydro-50beb/services/firebasedatabase.googleapis.com [none]
[debug] [2022-04-24T12:27:25.121Z] <<< [apiv2][status] GET https://serviceusage.googleapis.com/v1/projects/hydro-50beb/services/firebasedatabase.googleapis.com 200
[debug] [2022-04-24T12:27:25.122Z] <<< [apiv2][body] GET https://serviceusage.googleapis.com/v1/projects/hydro-50beb/services/firebasedatabase.googleapis.com [omitted]
[info] +  database: required API firebasedatabase.googleapis.com is enabled 
[info] 
[debug] [2022-04-24T12:27:25.125Z] > refreshing access token with scopes: ["email","https://www.googleapis.com/auth/cloud-platform","https://www.googleapis.com/auth/cloudplatformprojects.readonly","https://www.googleapis.com/auth/firebase","openid"]
[debug] [2022-04-24T12:27:25.125Z] >>> HTTP REQUEST POST https://www.googleapis.com/oauth2/v3/token  
 <request body omitted>
[debug] [2022-04-24T12:27:25.359Z] <<< HTTP RESPONSE 200 {"cache-control":"no-cache, no-store, max-age=0, must-revalidate","pragma":"no-cache","date":"Sun, 24 Apr 2022 12:27:24 GMT","expires":"Mon, 01 Jan 1990 00:00:00 GMT","content-type":"application/json; charset=utf-8","vary":"X-Origin, Referer, Origin,Accept-Encoding","server":"scaffolding on HTTPServer2","x-xss-protection":"0","x-frame-options":"SAMEORIGIN","x-content-type-options":"nosniff","alt-svc":"h3=\":443\"; ma=2592000,h3-29=\":443\"; ma=2592000,h3-Q050=\":443\"; ma=2592000,h3-Q046=\":443\"; ma=2592000,h3-Q043=\":443\"; ma=2592000,quic=\":443\"; ma=2592000; v=\"46,43\"","accept-ranges":"none","transfer-encoding":"chunked"}
[debug] [2022-04-24T12:27:25.368Z] >>> HTTP REQUEST GET https://firebasedatabase.googleapis.com/v1beta/projects/hydro-50beb/locations/-/instances/hydro-50beb-default-rtdb  
 
[debug] [2022-04-24T12:27:25.893Z] <<< HTTP RESPONSE 200 {"content-type":"application/json; charset=UTF-8","vary":"X-Origin, Referer, Origin,Accept-Encoding","date":"Sun, 24 Apr 2022 12:27:25 GMT","server":"ESF","cache-control":"private","x-xss-protection":"0","x-frame-options":"SAMEORIGIN","x-content-type-options":"nosniff","alt-svc":"h3=\":443\"; ma=2592000,h3-29=\":443\"; ma=2592000,h3-Q050=\":443\"; ma=2592000,h3-Q046=\":443\"; ma=2592000,h3-Q043=\":443\"; ma=2592000,quic=\":443\"; ma=2592000; v=\"46,43\"","accept-ranges":"none","transfer-encoding":"chunked"}
[info] 
[info] Firebase Realtime Database Security Rules allow you to define how your data should be
[info] structured and when your data can be read from and written to.
[info] 
[debug] [2022-04-24T12:27:29.406Z] >>> HTTP REQUEST GET https://hydro-50beb-default-rtdb.firebaseio.com/.settings/rules.json  
 
[debug] [2022-04-24T12:27:30.302Z] <<< HTTP RESPONSE 200 {"server":"nginx","date":"Sun, 24 Apr 2022 12:27:29 GMT","content-type":"application/json; charset=utf-8","content-length":"161","connection":"keep-alive","access-control-allow-origin":"*","cache-control":"no-cache","strict-transport-security":"max-age=31556926; includeSubDomains; preload"}
[info] +  Database Rules for hydro-50beb-default-rtdb have been written to database.rules.json. 
[info] Future modifications to database.rules.json will update Realtime Database Security Rules when you run
[info] firebase deploy.
[info] 
=== Firestore Setup
[debug] [2022-04-24T12:27:30.307Z] > refreshing access token with scopes: []
[debug] [2022-04-24T12:27:30.308Z] >>> HTTP REQUEST POST https://www.googleapis.com/oauth2/v3/token  
 <request body omitted>
[debug] [2022-04-24T12:27:30.548Z] <<< HTTP RESPONSE 200 {"date":"Sun, 24 Apr 2022 12:27:30 GMT","pragma":"no-cache","cache-control":"no-cache, no-store, max-age=0, must-revalidate","expires":"Mon, 01 Jan 1990 00:00:00 GMT","content-type":"application/json; charset=utf-8","vary":"X-Origin, Referer, Origin,Accept-Encoding","server":"scaffolding on HTTPServer2","x-xss-protection":"0","x-frame-options":"SAMEORIGIN","x-content-type-options":"nosniff","alt-svc":"h3=\":443\"; ma=2592000,h3-29=\":443\"; ma=2592000,h3-Q050=\":443\"; ma=2592000,h3-Q046=\":443\"; ma=2592000,h3-Q043=\":443\"; ma=2592000,quic=\":443\"; ma=2592000; v=\"46,43\"","accept-ranges":"none","transfer-encoding":"chunked"}
[debug] [2022-04-24T12:27:30.973Z] >>> [apiv2][query] GET https://serviceusage.googleapis.com/v1/projects/hydro-50beb/services/firestore.googleapis.com [none]
[debug] [2022-04-24T12:27:32.474Z] <<< [apiv2][status] GET https://serviceusage.googleapis.com/v1/projects/hydro-50beb/services/firestore.googleapis.com 200
[debug] [2022-04-24T12:27:32.474Z] <<< [apiv2][body] GET https://serviceusage.googleapis.com/v1/projects/hydro-50beb/services/firestore.googleapis.com [omitted]
[debug] [2022-04-24T12:27:32.475Z] > refreshing access token with scopes: ["email","https://www.googleapis.com/auth/cloud-platform","https://www.googleapis.com/auth/cloudplatformprojects.readonly","https://www.googleapis.com/auth/firebase","openid"]
[debug] [2022-04-24T12:27:32.475Z] >>> HTTP REQUEST POST https://www.googleapis.com/oauth2/v3/token  
 <request body omitted>
[debug] [2022-04-24T12:27:32.712Z] <<< HTTP RESPONSE 200 {"date":"Sun, 24 Apr 2022 12:27:32 GMT","cache-control":"no-cache, no-store, max-age=0, must-revalidate","expires":"Mon, 01 Jan 1990 00:00:00 GMT","pragma":"no-cache","content-type":"application/json; charset=utf-8","vary":"X-Origin, Referer, Origin,Accept-Encoding","server":"scaffolding on HTTPServer2","x-xss-protection":"0","x-frame-options":"SAMEORIGIN","x-content-type-options":"nosniff","alt-svc":"h3=\":443\"; ma=2592000,h3-29=\":443\"; ma=2592000,h3-Q050=\":443\"; ma=2592000,h3-Q046=\":443\"; ma=2592000,h3-Q043=\":443\"; ma=2592000,quic=\":443\"; ma=2592000; v=\"46,43\"","accept-ranges":"none","transfer-encoding":"chunked"}
[debug] [2022-04-24T12:27:34.506Z] >>> HTTP REQUEST GET https://appengine.googleapis.com/v1/apps/hydro-50beb  
 
[debug] [2022-04-24T12:27:35.075Z] <<< HTTP RESPONSE 200 {"content-type":"application/json; charset=UTF-8","vary":"X-Origin, Referer, Origin,Accept-Encoding","date":"Sun, 24 Apr 2022 12:27:34 GMT","server":"ESF","cache-control":"private","x-xss-protection":"0","x-frame-options":"SAMEORIGIN","x-content-type-options":"nosniff","alt-svc":"h3=\":443\"; ma=2592000,h3-29=\":443\"; ma=2592000,h3-Q050=\":443\"; ma=2592000,h3-Q046=\":443\"; ma=2592000,h3-Q043=\":443\"; ma=2592000,quic=\":443\"; ma=2592000; v=\"46,43\"","accept-ranges":"none","transfer-encoding":"chunked"}
[debug] [2022-04-24T12:27:35.075Z] database_type: CLOUD_FIRESTORE
[debug] [2022-04-24T12:27:35.076Z] > command requires scopes: ["email","openid","https://www.googleapis.com/auth/cloudplatformprojects.readonly","https://www.googleapis.com/auth/firebase","https://www.googleapis.com/auth/cloud-platform"]
[debug] [2022-04-24T12:27:35.076Z] > authorizing via signed-in user (dolgoon.da@gmail.com)
[debug] [2022-04-24T12:27:35.076Z] [iam] checking project hydro-50beb for permissions ["firebase.projects.get"]
[debug] [2022-04-24T12:27:35.076Z] > refreshing access token with scopes: []
[debug] [2022-04-24T12:27:35.076Z] >>> HTTP REQUEST POST https://www.googleapis.com/oauth2/v3/token  
 <request body omitted>
[debug] [2022-04-24T12:27:35.316Z] <<< HTTP RESPONSE 200 {"expires":"Mon, 01 Jan 1990 00:00:00 GMT","pragma":"no-cache","date":"Sun, 24 Apr 2022 12:27:34 GMT","cache-control":"no-cache, no-store, max-age=0, must-revalidate","content-type":"application/json; charset=utf-8","vary":"X-Origin, Referer, Origin,Accept-Encoding","server":"scaffolding on HTTPServer2","x-xss-protection":"0","x-frame-options":"SAMEORIGIN","x-content-type-options":"nosniff","alt-svc":"h3=\":443\"; ma=2592000,h3-29=\":443\"; ma=2592000,h3-Q050=\":443\"; ma=2592000,h3-Q046=\":443\"; ma=2592000,h3-Q043=\":443\"; ma=2592000,quic=\":443\"; ma=2592000; v=\"46,43\"","accept-ranges":"none","transfer-encoding":"chunked"}
[debug] [2022-04-24T12:27:35.326Z] >>> [apiv2][query] POST https://cloudresourcemanager.googleapis.com/v1/projects/hydro-50beb:testIamPermissions [none]
[debug] [2022-04-24T12:27:35.327Z] >>> [apiv2][body] POST https://cloudresourcemanager.googleapis.com/v1/projects/hydro-50beb:testIamPermissions {"permissions":["firebase.projects.get"]}
[debug] [2022-04-24T12:27:36.449Z] <<< [apiv2][status] POST https://cloudresourcemanager.googleapis.com/v1/projects/hydro-50beb:testIamPermissions 200
[debug] [2022-04-24T12:27:36.449Z] <<< [apiv2][body] POST https://cloudresourcemanager.googleapis.com/v1/projects/hydro-50beb:testIamPermissions {"permissions":["firebase.projects.get"]}
[info] 
[info] Firestore Security Rules allow you to define how and when to allow
[info] requests. You can keep these rules in your project directory
[info] and publish them with firebase deploy.
[info] 
[debug] [2022-04-24T12:27:38.894Z] >>> [apiv2][query] GET https://firebaserules.googleapis.com/v1/projects/hydro-50beb/releases pageSize=10&pageToken=
[debug] [2022-04-24T12:27:40.245Z] <<< [apiv2][status] GET https://firebaserules.googleapis.com/v1/projects/hydro-50beb/releases 200
[debug] [2022-04-24T12:27:40.246Z] <<< [apiv2][body] GET https://firebaserules.googleapis.com/v1/projects/hydro-50beb/releases {"releases":[{"name":"projects/hydro-50beb/releases/cloud.firestore","rulesetName":"projects/hydro-50beb/rulesets/d0823b8e-bacf-4fe0-a205-e84452aa19c3","createTime":"2022-04-24T05:32:44.350054Z","updateTime":"2022-04-24T05:32:44.350054Z"}]}
[debug] [2022-04-24T12:27:40.246Z] Found ruleset: projects/hydro-50beb/rulesets/d0823b8e-bacf-4fe0-a205-e84452aa19c3
[debug] [2022-04-24T12:27:40.246Z] >>> [apiv2][query] GET https://firebaserules.googleapis.com/v1/projects/hydro-50beb/rulesets/d0823b8e-bacf-4fe0-a205-e84452aa19c3 [none]
[debug] [2022-04-24T12:27:41.438Z] <<< [apiv2][status] GET https://firebaserules.googleapis.com/v1/projects/hydro-50beb/rulesets/d0823b8e-bacf-4fe0-a205-e84452aa19c3 200
[debug] [2022-04-24T12:27:41.438Z] <<< [apiv2][body] GET https://firebaserules.googleapis.com/v1/projects/hydro-50beb/rulesets/d0823b8e-bacf-4fe0-a205-e84452aa19c3 [omitted]
[info] 
[info] Firestore indexes allow you to perform complex queries while
[info] maintaining performance that scales with the size of the result
[info] set. You can keep index definitions in your project directory
[info] and publish them with firebase deploy.
[info] 
[debug] [2022-04-24T12:27:42.474Z] > refreshing access token with scopes: ["email","https://www.googleapis.com/auth/cloud-platform","https://www.googleapis.com/auth/cloudplatformprojects.readonly","https://www.googleapis.com/auth/firebase","openid"]
[debug] [2022-04-24T12:27:42.475Z] >>> HTTP REQUEST POST https://www.googleapis.com/oauth2/v3/token  
 <request body omitted>
[debug] [2022-04-24T12:27:42.476Z] > refreshing access token with scopes: ["email","https://www.googleapis.com/auth/cloud-platform","https://www.googleapis.com/auth/cloudplatformprojects.readonly","https://www.googleapis.com/auth/firebase","openid"]
[debug] [2022-04-24T12:27:42.477Z] >>> HTTP REQUEST POST https://www.googleapis.com/oauth2/v3/token  
 <request body omitted>
[debug] [2022-04-24T12:27:42.710Z] <<< HTTP RESPONSE 200 {"cache-control":"no-cache, no-store, max-age=0, must-revalidate","date":"Sun, 24 Apr 2022 12:27:42 GMT","expires":"Mon, 01 Jan 1990 00:00:00 GMT","pragma":"no-cache","content-type":"application/json; charset=utf-8","vary":"X-Origin, Referer, Origin,Accept-Encoding","server":"scaffolding on HTTPServer2","x-xss-protection":"0","x-frame-options":"SAMEORIGIN","x-content-type-options":"nosniff","alt-svc":"h3=\":443\"; ma=2592000,h3-29=\":443\"; ma=2592000,h3-Q050=\":443\"; ma=2592000,h3-Q046=\":443\"; ma=2592000,h3-Q043=\":443\"; ma=2592000,quic=\":443\"; ma=2592000; v=\"46,43\"","accept-ranges":"none","transfer-encoding":"chunked"}
[debug] [2022-04-24T12:27:42.719Z] >>> HTTP REQUEST GET https://firestore.googleapis.com/v1/projects/hydro-50beb/databases/(default)/collectionGroups/-/fields?filter=indexConfig.usesAncestorConfig=false  
 
[debug] [2022-04-24T12:27:42.722Z] <<< HTTP RESPONSE 200 {"date":"Sun, 24 Apr 2022 12:27:42 GMT","cache-control":"no-cache, no-store, max-age=0, must-revalidate","expires":"Mon, 01 Jan 1990 00:00:00 GMT","pragma":"no-cache","content-type":"application/json; charset=utf-8","vary":"X-Origin, Referer, Origin,Accept-Encoding","server":"scaffolding on HTTPServer2","x-xss-protection":"0","x-frame-options":"SAMEORIGIN","x-content-type-options":"nosniff","alt-svc":"h3=\":443\"; ma=2592000,h3-29=\":443\"; ma=2592000,h3-Q050=\":443\"; ma=2592000,h3-Q046=\":443\"; ma=2592000,h3-Q043=\":443\"; ma=2592000,quic=\":443\"; ma=2592000; v=\"46,43\"","accept-ranges":"none","transfer-encoding":"chunked"}
[debug] [2022-04-24T12:27:42.729Z] >>> HTTP REQUEST GET https://firestore.googleapis.com/v1/projects/hydro-50beb/databases/(default)/collectionGroups/-/indexes  
 
[debug] [2022-04-24T12:27:43.894Z] <<< HTTP RESPONSE 200 {"content-type":"application/json; charset=UTF-8","vary":"X-Origin, Referer, Origin,Accept-Encoding","date":"Sun, 24 Apr 2022 12:27:43 GMT","server":"ESF","cache-control":"private","x-xss-protection":"0","x-frame-options":"SAMEORIGIN","x-content-type-options":"nosniff","alt-svc":"h3=\":443\"; ma=2592000,h3-29=\":443\"; ma=2592000,h3-Q050=\":443\"; ma=2592000,h3-Q046=\":443\"; ma=2592000,h3-Q043=\":443\"; ma=2592000,quic=\":443\"; ma=2592000; v=\"46,43\"","accept-ranges":"none","transfer-encoding":"chunked"}
[debug] [2022-04-24T12:27:43.901Z] <<< HTTP RESPONSE 200 {"content-type":"application/json; charset=UTF-8","vary":"X-Origin, Referer, Origin,Accept-Encoding","date":"Sun, 24 Apr 2022 12:27:43 GMT","server":"ESF","cache-control":"private","x-xss-protection":"0","x-frame-options":"SAMEORIGIN","x-content-type-options":"nosniff","alt-svc":"h3=\":443\"; ma=2592000,h3-29=\":443\"; ma=2592000,h3-Q050=\":443\"; ma=2592000,h3-Q046=\":443\"; ma=2592000,h3-Q043=\":443\"; ma=2592000,quic=\":443\"; ma=2592000; v=\"46,43\"","accept-ranges":"none","transfer-encoding":"chunked"}
[info] 
=== Hosting Setup
[info] 
[info] Your public directory is the folder (relative to your project directory) that
[info] will contain Hosting assets to be uploaded with firebase deploy. If you
[info] have a build process for your assets, use your build's output directory.
[info] 
[debug] [2022-04-24T12:27:54.758Z] >>> [apiv2][query] GET https://www.gstatic.com/firebasejs/releases.json [none]
[debug] [2022-04-24T12:27:54.993Z] <<< [apiv2][status] GET https://www.gstatic.com/firebasejs/releases.json 200
[debug] [2022-04-24T12:27:54.993Z] <<< [apiv2][body] GET https://www.gstatic.com/firebasejs/releases.json {"current":{"version":"9.6.11","browserURL":"https://www.gstatic.com/firebasejs/9.6.11/firebase.js","packageURL":"https://www.gstatic.com/firebasejs/9.6.11/firebase.tgz"},"live":{"version":"9.6","browserURL":"https://www.gstatic.com/firebasejs/live/9.6/firebase.js","packageURL":"https://www.gstatic.com/firebasejs/live/9.6/firebase.tgz"},"components":{"analytics":"https://www.gstatic.com/firebasejs/9.6.11/firebase-analytics.js","app":"https://www.gstatic.com/firebasejs/9.6.11/firebase-app.js","app-check":"https://www.gstatic.com/firebasejs/9.6.11/firebase-app-check.js","auth":"https://www.gstatic.com/firebasejs/9.6.11/firebase-auth.js","auth/cordova":"https://www.gstatic.com/firebasejs/9.6.11/firebase-auth/cordova.js","auth/react-native":"https://www.gstatic.com/firebasejs/9.6.11/firebase-auth/react-native.js","functions":"https://www.gstatic.com/firebasejs/9.6.11/firebase-functions.js","firestore":"https://www.gstatic.com/firebasejs/9.6.11/firebase-firestore.js","firestore/lite":"https://www.gstatic.com/firebasejs/9.6.11/firebase-firestore/lite.js","storage":"https://www.gstatic.com/firebasejs/9.6.11/firebase-storage.js","performance":"https://www.gstatic.com/firebasejs/9.6.11/firebase-performance.js","remote-config":"https://www.gstatic.com/firebasejs/9.6.11/firebase-remote-config.js","messaging":"https://www.gstatic.com/firebasejs/9.6.11/firebase-messaging.js","messaging/sw":"https://www.gstatic.com/firebasejs/9.6.11/firebase-messaging/sw.js","database":"https://www.gstatic.com/firebasejs/9.6.11/firebase-database.js","firestore.memory":"https://www.gstatic.com/firebasejs/9.6.11/firebase-firestore.memory.js"}}
[info] +  Wrote public/index.html 
[info] 
[info] i  Detected a .git folder at C:\Users\User 
[info] i  Authorizing with GitHub to upload your service account to a GitHub repository's secrets store. 
[info] 
[info] Visit this URL on this device to log in:
[info] https://github.com/login/oauth/authorize?client_id=89cf50f02ac6aaed3484&state=132110554&redirect_uri=http%3A%2F%2Flocalhost%3A9005&scope=read%3Auser%20repo%20public_repo
[info] 
[info] Waiting for authentication...
[debug] [2022-04-24T12:27:58.536Z] >>> HTTP REQUEST POST https://github.com/login/oauth/access_token  
 {"client_id":"89cf50f02ac6aaed3484","client_secret":"3330d14abc895d9a74d5f17cd7a00711fa2c5bf0","code":"2e07f0842c66630f3ef0","redirect_uri":"http://localhost:9005","state":"132110554"}
[debug] [2022-04-24T12:27:59.138Z] <<< HTTP RESPONSE 200 {"server":"GitHub.com","date":"Sun, 24 Apr 2022 12:27:58 GMT","content-type":"application/json; charset=utf-8","transfer-encoding":"chunked","vary":"X-PJAX, X-PJAX-Container, Accept-Encoding, Accept, X-Requested-With","permissions-policy":"interest-cohort=()","etag":"W/\"3c57e0ce4db84fbb270906ecd1051b8b\"","cache-control":"max-age=0, private, must-revalidate","strict-transport-security":"max-age=31536000; includeSubdomains; preload","x-frame-options":"deny","x-content-type-options":"nosniff","x-xss-protection":"0","referrer-policy":"origin-when-cross-origin, strict-origin-when-cross-origin","expect-ct":"max-age=2592000, report-uri=\"https://api.github.com/_private/browser/errors\"","content-security-policy":"default-src 'none'; base-uri 'self'; block-all-mixed-content; child-src github.com/assets-cdn/worker/ gist.github.com/assets-cdn/worker/; connect-src 'self' uploads.github.com objects-origin.githubusercontent.com www.githubstatus.com collector.github.com raw.githubusercontent.com api.github.com github-cloud.s3.amazonaws.com github-production-repository-file-5c1aeb.s3.amazonaws.com github-production-upload-manifest-file-7fdce7.s3.amazonaws.com github-production-user-asset-6210df.s3.amazonaws.com cdn.optimizely.com logx.optimizely.com/v1/events translator.github.com *.actions.githubusercontent.com wss://*.actions.githubusercontent.com online.visualstudio.com/api/v1/locations github-production-repository-image-32fea6.s3.amazonaws.com github-production-release-asset-2e65be.s3.amazonaws.com insights.github.com wss://alive.github.com; font-src github.githubassets.com; form-action 'self' github.com gist.github.com objects-origin.githubusercontent.com; frame-ancestors 'none'; frame-src render.githubusercontent.com viewscreen.githubusercontent.com notebooks.githubusercontent.com; img-src 'self' data: github.githubassets.com identicons.github.com github-cloud.s3.amazonaws.com secured-user-images.githubusercontent.com/ *.githubusercontent.com; manifest-src 'self'; media-src github.com user-images.githubusercontent.com/; script-src github.githubassets.com; style-src 'unsafe-inline' github.githubassets.com; worker-src github.com/assets-cdn/worker/ gist.github.com/assets-cdn/worker/","x-github-request-id":"D94C:5259:C6B694:F4323D:6265424E"}
[debug] [2022-04-24T12:27:59.148Z] >>> [apiv2][query] GET https://api.github.com/user [none]
[debug] [2022-04-24T12:27:59.832Z] <<< [apiv2][status] GET https://api.github.com/user 200
[debug] [2022-04-24T12:27:59.833Z] <<< [apiv2][body] GET https://api.github.com/user {"login":"dolgoonnn","id":83904398,"node_id":"MDQ6VXNlcjgzOTA0Mzk4","avatar_url":"https://avatars.githubusercontent.com/u/83904398?v=4","gravatar_id":"","url":"https://api.github.com/users/dolgoonnn","html_url":"https://github.com/dolgoonnn","followers_url":"https://api.github.com/users/dolgoonnn/followers","following_url":"https://api.github.com/users/dolgoonnn/following{/other_user}","gists_url":"https://api.github.com/users/dolgoonnn/gists{/gist_id}","starred_url":"https://api.github.com/users/dolgoonnn/starred{/owner}{/repo}","subscriptions_url":"https://api.github.com/users/dolgoonnn/subscriptions","organizations_url":"https://api.github.com/users/dolgoonnn/orgs","repos_url":"https://api.github.com/users/dolgoonnn/repos","events_url":"https://api.github.com/users/dolgoonnn/events{/privacy}","received_events_url":"https://api.github.com/users/dolgoonnn/received_events","type":"User","site_admin":false,"name":"Dolgoon","company":null,"blog":"","location":null,"email":null,"hireable":null,"bio":null,"twitter_username":null,"public_repos":4,"public_gists":0,"followers":0,"following":0,"created_at":"2021-05-09T09:35:54Z","updated_at":"2022-04-24T05:55:02Z","private_gists":0,"total_private_repos":2,"owned_private_repos":0,"disk_usage":945,"collaborators":0,"two_factor_authentication":false,"plan":{"name":"free","space":976562499,"collaborators":0,"private_repos":10000}}
[info] 
[info] +  Success! Logged into GitHub as dolgoonnn 
[info] 
